[2023-06-25 00:00:47] INFO root fetch - main [MainThread]: Get Changelog since Serial: [18632257]
[2023-06-25 00:00:52] INFO root fetch - main [MainThread]: Found 11 changed packages
[2023-06-25 00:00:52] INFO root fetch - processPackages [ThreadPoolExecutor-0_0]: Start processing: pps-tools
[2023-06-25 00:00:52] INFO root fetch - processPackages [ThreadPoolExecutor-0_1]: Start processing: moonrise
[2023-06-25 00:00:52] INFO root fetch - processPackages [ThreadPoolExecutor-0_2]: Start processing: cihai
[2023-06-25 00:00:52] INFO root fetch - processPackages [ThreadPoolExecutor-0_3]: Start processing: pydatawork
[2023-06-25 00:00:52] INFO root fetch - processPackages [ThreadPoolExecutor-0_4]: Start processing: multion
[2023-06-25 00:00:52] INFO root fetch - processPackages [ThreadPoolExecutor-0_5]: Start processing: timeout-executor
[2023-06-25 00:00:52] INFO root fetch - processPackages [ThreadPoolExecutor-0_6]: Start processing: investor8-sdk
[2023-06-25 00:00:52] INFO root fetch - processPackages [ThreadPoolExecutor-0_7]: Start processing: scientific-plots
[2023-06-25 00:00:52] INFO root fetch - processPackages [ThreadPoolExecutor-0_8]: Start processing: pyvipe
[2023-06-25 00:00:52] INFO root fetch - processPackages [ThreadPoolExecutor-0_9]: Start processing: zeroshot
[2023-06-25 00:00:52] INFO root fetch - processPackages [pps-tools]: New version: [2.0.0] Old Version: [1.2.2]
[2023-06-25 00:00:52] INFO root fetch - processPackages [moonrise]: New version: [1.1.2] Old Version: [1.1.1]
[2023-06-25 00:00:52] INFO root fetch - processPackages [timeout-executor]: New version: [0.1.1] Old Version: [0.1.0]
[2023-06-25 00:00:52] INFO root fetch - processPackages [pyvipe]: New version: [0.1.3] Old Version: [0.1.2]
[2023-06-25 00:00:52] INFO root fetch - processPackages [cihai]: New version: [0.9.0a5] Old Version: [0.9.0a4]
[2023-06-25 00:00:52] INFO root fetch - processPackages [investor8-sdk]: New version: [1.1.96] Old Version: [1.1.95]
[2023-06-25 00:00:52] INFO root fetch - processPackages [multion]: New version: [0.1.9] Old Version: [0.1.8]
[2023-06-25 00:00:52] INFO root fetch - processPackages [zeroshot]: New version: [0.1.1] Old Version: [0.1.0]
[2023-06-25 00:00:52] INFO root fetch - processPackages [pydatawork]: New version: [0.1.9] Old Version: [0.1.8]
[2023-06-25 00:00:52] INFO root fetch - processPackages [scientific-plots]: New version: [1.5.2] Old Version: [1.5.1]
[2023-06-25 00:00:52] INFO root fetch - processPackages [investor8-sdk]: Downloading https://files.pythonhosted.org/packages/d1/72/00403910ea6a76906e17f39a71d609d4f20aad6dc7c2704905ebadc85fd8/investor8-sdk-1.1.95.tar.gz
[2023-06-25 00:00:52] INFO root fetch - processPackages [pydatawork]: Downloading https://files.pythonhosted.org/packages/37/d5/7d0e95d71f892e3cd3a0a19c1d5c5d6f74f7bedd67a1ac0959251948b131/pydatawork-0.1.8.tar.gz
[2023-06-25 00:00:52] INFO root fetch - processPackages [timeout-executor]: Downloading https://files.pythonhosted.org/packages/f4/fa/6106c1e9ea951adb969df6a0bed4ccb08b8d65e1975cded8fd414ab98adf/timeout_executor-0.1.0.tar.gz
[2023-06-25 00:00:52] INFO root fetch - processPackages [pyvipe]: Downloading https://files.pythonhosted.org/packages/27/77/0f8c18aefcf4ed773f67d9d150fe568ae2788130a6fc04e9cf1e5ef86ce9/pyvipe-0.1.2.tar.gz
[2023-06-25 00:00:52] INFO root fetch - processPackages [pydatawork]: Downloading https://files.pythonhosted.org/packages/41/d8/88c9d46452cf891ec24604428f13fb332cdac82c341a4833571661987abb/pydatawork-0.1.9.tar.gz
[2023-06-25 00:00:52] INFO root fetch - processPackages [pps-tools]: Downloading https://files.pythonhosted.org/packages/d6/46/717aafc21840675ebfc502c87be8a3a8edc332444a1ff5bb59b63b358593/pps-tools-1.2.2.tar.gz
[2023-06-25 00:00:52] INFO root fetch - processPackages [moonrise]: Downloading https://files.pythonhosted.org/packages/be/81/c84a15b1c7d357b21684a95fe11b7db481b2a768ea92db0b767fef9417b1/moonrise-1.1.1.tar.gz
[2023-06-25 00:00:52] INFO root fetch - processPackages [zeroshot]: Downloading https://files.pythonhosted.org/packages/2d/17/39952cc42962fa1a44e4f1ed1ab6e79d01e743531644fa888f586ef1449a/zeroshot-0.1.0.tar.gz
[2023-06-25 00:00:52] INFO root fetch - processPackages [scientific-plots]: Downloading https://files.pythonhosted.org/packages/c5/26/f5c9a70938fb4184e66b14cfe8b4d4c2502380e18d1f10d92d9026c4da22/scientific_plots-1.5.1.tar.gz
[2023-06-25 00:00:52] INFO root fetch - processPackages [pydatawork]: executing diffoscope
[2023-06-25 00:00:52] INFO root fetch - processPackages [pydatawork]: podman run --user 0:0 --rm -w /home/abi/fetcher -v /home/abi/fetcher/tmp:/home/abi/fetcher/tmp:ro -v /home/abi/fetcher/20230625:/home/abi/fetcher/20230625:rw registry.salsa.debian.org/reproducible-builds/diffoscope --no-progress tmp/pydatawork-0.1.8.tar.gz tmp/pydatawork-0.1.9.tar.gz --markdown 20230625/p/pydatawork/0.1.8-0.1.9/diff.md --exclude *.pyd
[2023-06-25 00:00:52] INFO root fetch - processPackages [investor8-sdk]: Downloading https://files.pythonhosted.org/packages/4b/d6/3675b62daf319214f963f970ac6e7c0122518c201bc62164a38accdd7149/investor8-sdk-1.1.96.tar.gz
[2023-06-25 00:00:52] INFO root fetch - processPackages [investor8-sdk]: executing diffoscope
[2023-06-25 00:00:52] INFO root fetch - processPackages [investor8-sdk]: podman run --user 0:0 --rm -w /home/abi/fetcher -v /home/abi/fetcher/tmp:/home/abi/fetcher/tmp:ro -v /home/abi/fetcher/20230625:/home/abi/fetcher/20230625:rw registry.salsa.debian.org/reproducible-builds/diffoscope --no-progress tmp/investor8-sdk-1.1.95.tar.gz tmp/investor8-sdk-1.1.96.tar.gz --markdown 20230625/i/investor8-sdk/1.1.95-1.1.96/diff.md --exclude *.pyd
[2023-06-25 00:00:52] INFO root fetch - processPackages [timeout-executor]: Downloading https://files.pythonhosted.org/packages/9f/40/2e239345287af20d9d069dfc92bda1f14c68851be8deb7c263e62c5b4239/timeout_executor-0.1.1.tar.gz
[2023-06-25 00:00:52] INFO root fetch - processPackages [cihai]: executing diffoscope
[2023-06-25 00:00:52] INFO root fetch - processPackages [cihai]: podman run --user 0:0 --rm -w /home/abi/fetcher -v /home/abi/fetcher/tmp:/home/abi/fetcher/tmp:ro -v /home/abi/fetcher/20230625:/home/abi/fetcher/20230625:rw registry.salsa.debian.org/reproducible-builds/diffoscope --no-progress tmp/cihai-0.9.0a4.tar.gz tmp/cihai-0.9.0a5.tar.gz --markdown 20230625/c/cihai/0.9.0a4-0.9.0a5/diff.md --exclude *.pyd
[2023-06-25 00:00:52] INFO root fetch - processPackages [multion]: executing diffoscope
[2023-06-25 00:00:52] INFO root fetch - processPackages [multion]: podman run --user 0:0 --rm -w /home/abi/fetcher -v /home/abi/fetcher/tmp:/home/abi/fetcher/tmp:ro -v /home/abi/fetcher/20230625:/home/abi/fetcher/20230625:rw registry.salsa.debian.org/reproducible-builds/diffoscope --no-progress tmp/multion-0.1.8.tar.gz tmp/multion-0.1.9.tar.gz --markdown 20230625/m/multion/0.1.8-0.1.9/diff.md --exclude *.pyd
[2023-06-25 00:00:52] INFO root fetch - processPackages [timeout-executor]: executing diffoscope
[2023-06-25 00:00:52] INFO root fetch - processPackages [timeout-executor]: podman run --user 0:0 --rm -w /home/abi/fetcher -v /home/abi/fetcher/tmp:/home/abi/fetcher/tmp:ro -v /home/abi/fetcher/20230625:/home/abi/fetcher/20230625:rw registry.salsa.debian.org/reproducible-builds/diffoscope --no-progress tmp/timeout_executor-0.1.0.tar.gz tmp/timeout_executor-0.1.1.tar.gz --markdown 20230625/t/timeout-executor/0.1.0-0.1.1/diff.md --exclude *.pyd
[2023-06-25 00:00:52] INFO root fetch - processPackages [pyvipe]: Downloading https://files.pythonhosted.org/packages/25/88/cf8de65e68175ae0537a016082032d65eb42d30dcdac196538c03263b1f2/pyvipe-0.1.3.tar.gz
[2023-06-25 00:00:53] INFO root fetch - processPackages [moonrise]: Downloading https://files.pythonhosted.org/packages/ed/4b/29765d9386522e0a4ca43e8a39f605cc414425251f69f2badd4e5fd1946a/moonrise-1.1.2.tar.gz
[2023-06-25 00:00:53] INFO root fetch - processPackages [scientific-plots]: Downloading https://files.pythonhosted.org/packages/46/b9/2408df499c244c57c63df500bf82e2ce42ee0199b004f757ee9798ebc84d/scientific_plots-1.5.2.tar.gz
[2023-06-25 00:00:53] INFO root fetch - processPackages [zeroshot]: Downloading https://files.pythonhosted.org/packages/b7/4d/a1a60aae691acb4632c8c7ee70d911ef3d719fb21b4d33c0645d4ed3c22d/zeroshot-0.1.1.tar.gz
[2023-06-25 00:00:53] INFO root fetch - processPackages [pps-tools]: Downloading https://files.pythonhosted.org/packages/a3/26/e6e9bae0b2f6d7c43dd1226e631f38f7bfbc0b94f48dfeff023027cc071a/pps-tools-2.0.0.tar.gz
[2023-06-25 00:00:53] INFO root fetch - processPackages [moonrise]: executing diffoscope
[2023-06-25 00:00:53] INFO root fetch - processPackages [pyvipe]: executing diffoscope
[2023-06-25 00:00:53] INFO root fetch - processPackages [moonrise]: podman run --user 0:0 --rm -w /home/abi/fetcher -v /home/abi/fetcher/tmp:/home/abi/fetcher/tmp:ro -v /home/abi/fetcher/20230625:/home/abi/fetcher/20230625:rw registry.salsa.debian.org/reproducible-builds/diffoscope --no-progress tmp/moonrise-1.1.1.tar.gz tmp/moonrise-1.1.2.tar.gz --markdown 20230625/m/moonrise/1.1.1-1.1.2/diff.md --exclude *.pyd
[2023-06-25 00:00:53] INFO root fetch - processPackages [pyvipe]: podman run --user 0:0 --rm -w /home/abi/fetcher -v /home/abi/fetcher/tmp:/home/abi/fetcher/tmp:ro -v /home/abi/fetcher/20230625:/home/abi/fetcher/20230625:rw registry.salsa.debian.org/reproducible-builds/diffoscope --no-progress tmp/pyvipe-0.1.2.tar.gz tmp/pyvipe-0.1.3.tar.gz --markdown 20230625/p/pyvipe/0.1.2-0.1.3/diff.md --exclude *.pyd
[2023-06-25 00:00:53] INFO root fetch - processPackages [scientific-plots]: executing diffoscope
[2023-06-25 00:00:53] INFO root fetch - processPackages [scientific-plots]: podman run --user 0:0 --rm -w /home/abi/fetcher -v /home/abi/fetcher/tmp:/home/abi/fetcher/tmp:ro -v /home/abi/fetcher/20230625:/home/abi/fetcher/20230625:rw registry.salsa.debian.org/reproducible-builds/diffoscope --no-progress tmp/scientific_plots-1.5.1.tar.gz tmp/scientific_plots-1.5.2.tar.gz --markdown 20230625/s/scientific-plots/1.5.1-1.5.2/diff.md --exclude *.pyd
[2023-06-25 00:00:53] INFO root fetch - processPackages [pps-tools]: executing diffoscope
[2023-06-25 00:00:53] INFO root fetch - processPackages [pps-tools]: podman run --user 0:0 --rm -w /home/abi/fetcher -v /home/abi/fetcher/tmp:/home/abi/fetcher/tmp:ro -v /home/abi/fetcher/20230625:/home/abi/fetcher/20230625:rw registry.salsa.debian.org/reproducible-builds/diffoscope --no-progress tmp/pps-tools-1.2.2.tar.gz tmp/pps-tools-2.0.0.tar.gz --markdown 20230625/p/pps-tools/1.2.2-2.0.0/diff.md --exclude *.pyd
[2023-06-25 00:00:53] INFO root fetch - processPackages [zeroshot]: executing diffoscope
[2023-06-25 00:00:53] INFO root fetch - processPackages [zeroshot]: podman run --user 0:0 --rm -w /home/abi/fetcher -v /home/abi/fetcher/tmp:/home/abi/fetcher/tmp:ro -v /home/abi/fetcher/20230625:/home/abi/fetcher/20230625:rw registry.salsa.debian.org/reproducible-builds/diffoscope --no-progress tmp/zeroshot-0.1.0.tar.gz tmp/zeroshot-0.1.1.tar.gz --markdown 20230625/z/zeroshot/0.1.0-0.1.1/diff.md --exclude *.pyd
[2023-06-25 00:00:54] INFO root fetch - processPackages [pydatawork]: Remove: archive file [/home/abi/fetcher/tmp/pydatawork-0.1.8.tar.gz]
[2023-06-25 00:00:54] INFO root fetch - processPackages [pydatawork]: Remove: archive file [/home/abi/fetcher/tmp/pydatawork-0.1.9.tar.gz]
[2023-06-25 00:00:54] INFO root fetch - processPackages [pydatawork]: Start processing: marcel
[2023-06-25 00:00:54] INFO root fetch - main [MainThread]: End processing [pydatawork]: success
[2023-06-25 00:00:54] INFO root fetch - processPackages [marcel]: New version: [0.9.9] Old Version: [0.9.8]
[2023-06-25 00:00:54] INFO root fetch - processPackages [marcel]: Downloading https://files.pythonhosted.org/packages/3a/07/c626f18aa14df89e1f194e115cbffaa2d99bcfc736f7251795e2f889c0d6/marcel-0.9.8-py3-none-any.whl
[2023-06-25 00:00:54] INFO root fetch - processPackages [multion]: Remove: archive file [/home/abi/fetcher/tmp/multion-0.1.8.tar.gz]
[2023-06-25 00:00:54] INFO root fetch - processPackages [multion]: Remove: archive file [/home/abi/fetcher/tmp/multion-0.1.9.tar.gz]
[2023-06-25 00:00:54] INFO root fetch - main [MainThread]: End processing [multion]: success
[2023-06-25 00:00:54] INFO root fetch - processPackages [marcel]: Downloading https://files.pythonhosted.org/packages/4b/3d/fd4bc1e7906ea7d19b4ad1010b8dce76e96202ac6886bcab6162db5f992f/marcel-0.9.9-py3-none-any.whl
[2023-06-25 00:00:54] INFO root fetch - processPackages [marcel]: executing diffoscope
[2023-06-25 00:00:54] INFO root fetch - processPackages [marcel]: podman run --user 0:0 --rm -w /home/abi/fetcher -v /home/abi/fetcher/tmp:/home/abi/fetcher/tmp:ro -v /home/abi/fetcher/20230625:/home/abi/fetcher/20230625:rw registry.salsa.debian.org/reproducible-builds/diffoscope --no-progress tmp/marcel-0.9.8-py3-none-any.whl.zip tmp/marcel-0.9.9-py3-none-any.whl.zip --markdown 20230625/m/marcel/0.9.8-0.9.9/diff.md --exclude *.pyd
[2023-06-25 00:00:54] INFO root fetch - processPackages [moonrise]: Remove: archive file [/home/abi/fetcher/tmp/moonrise-1.1.1.tar.gz]
[2023-06-25 00:00:54] INFO root fetch - processPackages [moonrise]: Remove: archive file [/home/abi/fetcher/tmp/moonrise-1.1.2.tar.gz]
[2023-06-25 00:00:54] INFO root fetch - main [MainThread]: End processing [moonrise]: success
[2023-06-25 00:00:54] INFO root fetch - processPackages [timeout-executor]: Remove: archive file [/home/abi/fetcher/tmp/timeout_executor-0.1.0.tar.gz]
[2023-06-25 00:00:54] INFO root fetch - processPackages [timeout-executor]: Remove: archive file [/home/abi/fetcher/tmp/timeout_executor-0.1.1.tar.gz]
[2023-06-25 00:00:54] INFO root fetch - main [MainThread]: End processing [timeout-executor]: success
[2023-06-25 00:00:55] ERROR root fetch - processPackages [cihai]: Diffoscope failed: Traceback (most recent call last):
  File "/srv/diffoscope/diffoscope/main.py", line 767, in main
    sys.exit(run_diffoscope(parsed_args))
             ^^^^^^^^^^^^^^^^^^^^^^^^^^^
  File "/srv/diffoscope/diffoscope/main.py", line 718, in run_diffoscope
    difference = compare_root_paths(path1, path2)
                 ^^^^^^^^^^^^^^^^^^^^^^^^^^^^^^^^
  File "/srv/diffoscope/diffoscope/comparators/utils/compare.py", line 69, in compare_root_paths
    difference = compare_files(file1, file2)
                 ^^^^^^^^^^^^^^^^^^^^^^^^^^^
  File "/srv/diffoscope/diffoscope/comparators/utils/compare.py", line 149, in compare_files
    return file1.compare(file2, source)
           ^^^^^^^^^^^^^^^^^^^^^^^^^^^^
  File "/srv/diffoscope/diffoscope/comparators/utils/file.py", line 515, in compare
    difference = self._compare_using_details(other, source)
                 ^^^^^^^^^^^^^^^^^^^^^^^^^^^^^^^^^^^^^^^^^^
  File "/srv/diffoscope/diffoscope/comparators/utils/file.py", line 450, in _compare_using_details
    details.extend(
  File "/srv/diffoscope/diffoscope/comparators/utils/container.py", line 197, in compare_pair
    difference = compare_files(
                 ^^^^^^^^^^^^^^
  File "/srv/diffoscope/diffoscope/comparators/utils/compare.py", line 149, in compare_files
    return file1.compare(file2, source)
           ^^^^^^^^^^^^^^^^^^^^^^^^^^^^
  File "/srv/diffoscope/diffoscope/comparators/utils/file.py", line 515, in compare
    difference = self._compare_using_details(other, source)
                 ^^^^^^^^^^^^^^^^^^^^^^^^^^^^^^^^^^^^^^^^^^
  File "/srv/diffoscope/diffoscope/comparators/utils/file.py", line 450, in _compare_using_details
    details.extend(
  File "/srv/diffoscope/diffoscope/comparators/utils/container.py", line 197, in compare_pair
    difference = compare_files(
                 ^^^^^^^^^^^^^^
  File "/srv/diffoscope/diffoscope/comparators/utils/compare.py", line 149, in compare_files
    return file1.compare(file2, source)
           ^^^^^^^^^^^^^^^^^^^^^^^^^^^^
  File "/srv/diffoscope/diffoscope/comparators/utils/file.py", line 515, in compare
    difference = self._compare_using_details(other, source)
                 ^^^^^^^^^^^^^^^^^^^^^^^^^^^^^^^^^^^^^^^^^^
  File "/srv/diffoscope/diffoscope/comparators/utils/file.py", line 416, in _compare_using_details
    details.extend(self.compare_details(other, source))
                   ^^^^^^^^^^^^^^^^^^^^^^^^^^^^^^^^^^^
  File "/srv/diffoscope/diffoscope/comparators/python.py", line 51, in compare_details
    describe_pyc(self.path),
    ^^^^^^^^^^^^^^^^^^^^^^^
  File "/srv/diffoscope/diffoscope/comparators/python.py", line 65, in describe_pyc
    return "\n".join(parse_pyc(f))
           ^^^^^^^^^^^^^^^^^^^^^^^
  File "/srv/diffoscope/diffoscope/comparators/python.py", line 81, in parse_pyc
    code = marshal.load(f)
           ^^^^^^^^^^^^^^^
EOFError: EOF read where object expected

[2023-06-25 00:00:55] INFO root fetch - main [MainThread]: End processing [cihai] error
[2023-06-25 00:00:55] INFO root fetch - processPackages [pyvipe]: Remove: archive file [/home/abi/fetcher/tmp/pyvipe-0.1.2.tar.gz]
[2023-06-25 00:00:55] INFO root fetch - processPackages [pyvipe]: Remove: archive file [/home/abi/fetcher/tmp/pyvipe-0.1.3.tar.gz]
[2023-06-25 00:00:55] INFO root fetch - main [MainThread]: End processing [pyvipe]: success
[2023-06-25 00:00:55] INFO root fetch - processPackages [scientific-plots]: Remove: archive file [/home/abi/fetcher/tmp/scientific_plots-1.5.1.tar.gz]
[2023-06-25 00:00:55] INFO root fetch - processPackages [scientific-plots]: Remove: archive file [/home/abi/fetcher/tmp/scientific_plots-1.5.2.tar.gz]
[2023-06-25 00:00:55] INFO root fetch - main [MainThread]: End processing [scientific-plots]: success
[2023-06-25 00:00:55] INFO root fetch - processPackages [pps-tools]: Remove: archive file [/home/abi/fetcher/tmp/pps-tools-1.2.2.tar.gz]
[2023-06-25 00:00:55] INFO root fetch - processPackages [pps-tools]: Remove: archive file [/home/abi/fetcher/tmp/pps-tools-2.0.0.tar.gz]
[2023-06-25 00:00:55] INFO root fetch - main [MainThread]: End processing [pps-tools]: success
[2023-06-25 00:00:55] INFO root fetch - processPackages [zeroshot]: Remove: archive file [/home/abi/fetcher/tmp/zeroshot-0.1.0.tar.gz]
[2023-06-25 00:00:55] INFO root fetch - processPackages [zeroshot]: Remove: archive file [/home/abi/fetcher/tmp/zeroshot-0.1.1.tar.gz]
[2023-06-25 00:00:55] INFO root fetch - main [MainThread]: End processing [zeroshot]: success
[2023-06-25 00:00:56] INFO root fetch - processPackages [investor8-sdk]: Remove: archive file [/home/abi/fetcher/tmp/investor8-sdk-1.1.95.tar.gz]
[2023-06-25 00:00:56] INFO root fetch - processPackages [investor8-sdk]: Remove: archive file [/home/abi/fetcher/tmp/investor8-sdk-1.1.96.tar.gz]
[2023-06-25 00:00:56] INFO root fetch - main [MainThread]: End processing [investor8-sdk]: success
[2023-06-25 00:00:56] INFO root fetch - processPackages [marcel]: Remove: archive file [/home/abi/fetcher/tmp/marcel-0.9.8-py3-none-any.whl.zip]
[2023-06-25 00:00:56] INFO root fetch - processPackages [marcel]: Remove: archive file [/home/abi/fetcher/tmp/marcel-0.9.9-py3-none-any.whl.zip]
[2023-06-25 00:00:56] INFO root fetch - main [MainThread]: End processing [marcel]: success
[2023-06-25 00:00:56] INFO root fetch - main [MainThread]: Store serial: [18632288]
[2023-06-25 00:06:01] INFO root fetch - main [MainThread]: Get Changelog since Serial: [18632288]
[2023-06-25 00:06:05] INFO root fetch - main [MainThread]: Found 5 changed packages
[2023-06-25 00:06:05] INFO root fetch - processPackages [ThreadPoolExecutor-0_0]: Start processing: unihan-db
[2023-06-25 00:06:05] INFO root fetch - processPackages [ThreadPoolExecutor-0_1]: Start processing: xmos-ai-tools
[2023-06-25 00:06:05] INFO root fetch - processPackages [ThreadPoolExecutor-0_2]: Start processing: moptipy
[2023-06-25 00:06:05] INFO root fetch - processPackages [ThreadPoolExecutor-0_3]: Start processing: color-pprint
[2023-06-25 00:06:05] INFO root fetch - processPackages [ThreadPoolExecutor-0_4]: Start processing: deeponto
[2023-06-25 00:06:05] INFO root fetch - processPackages [xmos-ai-tools]: New version: [1.0.1.dev4] Old Version: [1.0.0]
[2023-06-25 00:06:05] INFO root fetch - processPackages [unihan-db]: New version: [0.9.0] Old Version: [0.8.0]
[2023-06-25 00:06:05] INFO root fetch - processPackages [deeponto]: New version: [0.7.3] Old Version: [0.7.0]
[2023-06-25 00:06:05] INFO root fetch - processPackages [moptipy]: New version: [0.9.9] Old Version: [0.9.8]
[2023-06-25 00:06:05] INFO root fetch - processPackages [color-pprint]: New version: [0.0.2] Old Version: [0.0.1]
[2023-06-25 00:06:05] INFO root fetch - processPackages [xmos-ai-tools]: Downloading https://files.pythonhosted.org/packages/68/d3/0ced80400696d85f0ae5fc06ae14a01c7708927ee12c14163f140282dc09/xmos_ai_tools-1.0.0-py3-none-win_amd64.whl
[2023-06-25 00:06:05] INFO root fetch - processPackages [deeponto]: Downloading https://files.pythonhosted.org/packages/c8/a8/e70b06f01e491f3507446ca496caabaad6662d3c0a0f3b8accb723feed52/deeponto-0.7.0.tar.gz
[2023-06-25 00:06:05] INFO root fetch - processPackages [unihan-db]: Downloading https://files.pythonhosted.org/packages/a9/6a/baaefbbad3d0d7ae92e9ba6835d5a53978431e5e35ed02aba25e1c50fef9/unihan_db-0.8.0.tar.gz
[2023-06-25 00:06:06] WARNING root fetch - processPackages [xmos-ai-tools]: Skipping package: exceeds size limit 13008994>=10485760
[2023-06-25 00:06:06] INFO root fetch - main [MainThread]: End processing [xmos-ai-tools] error
[2023-06-25 00:06:06] WARNING root fetch - processPackages [deeponto]: Skipping package: exceeds size limit 30358264>=10485760
[2023-06-25 00:06:06] INFO root fetch - main [MainThread]: End processing [deeponto] error
[2023-06-25 00:06:06] INFO root fetch - processPackages [color-pprint]: Downloading https://files.pythonhosted.org/packages/a0/52/8bb06a95935697e087ec08f52bb3e6b2ee519f304c3c88fb1bd01837f948/color-pprint-0.0.1.tar.gz
[2023-06-25 00:06:06] INFO root fetch - processPackages [moptipy]: Downloading https://files.pythonhosted.org/packages/be/7f/5279c5a66253c3acc29a2b1baa2ae5e5c13f14d8ed5e613af26af0568f80/moptipy-0.9.8.tar.gz
[2023-06-25 00:06:06] INFO root fetch - processPackages [unihan-db]: Downloading https://files.pythonhosted.org/packages/4f/b9/0100cfe6f41e00f683f46dba03add5d65285f27520928706ade09e33a031/unihan_db-0.9.0.tar.gz
[2023-06-25 00:06:06] INFO root fetch - processPackages [color-pprint]: Downloading https://files.pythonhosted.org/packages/d6/31/9c8e725f109751bee719bcb0310d42ff1083d0fe9ff199863f3d35b7806c/color-pprint-0.0.2.tar.gz
[2023-06-25 00:06:06] INFO root fetch - processPackages [moptipy]: Downloading https://files.pythonhosted.org/packages/86/d3/45297bbff0974d528e5da780bc1bf48f8418230162685da0ba8212246056/moptipy-0.9.9.tar.gz
[2023-06-25 00:06:06] INFO root fetch - processPackages [color-pprint]: executing diffoscope
[2023-06-25 00:06:06] INFO root fetch - processPackages [color-pprint]: podman run --user 0:0 --rm -w /home/abi/fetcher -v /home/abi/fetcher/tmp:/home/abi/fetcher/tmp:ro -v /home/abi/fetcher/20230625:/home/abi/fetcher/20230625:rw registry.salsa.debian.org/reproducible-builds/diffoscope --no-progress tmp/color-pprint-0.0.1.tar.gz tmp/color-pprint-0.0.2.tar.gz --markdown 20230625/c/color-pprint/0.0.1-0.0.2/diff.md --exclude *.pyd
[2023-06-25 00:06:06] INFO root fetch - processPackages [unihan-db]: executing diffoscope
[2023-06-25 00:06:06] INFO root fetch - processPackages [unihan-db]: podman run --user 0:0 --rm -w /home/abi/fetcher -v /home/abi/fetcher/tmp:/home/abi/fetcher/tmp:ro -v /home/abi/fetcher/20230625:/home/abi/fetcher/20230625:rw registry.salsa.debian.org/reproducible-builds/diffoscope --no-progress tmp/unihan_db-0.8.0.tar.gz tmp/unihan_db-0.9.0.tar.gz --markdown 20230625/u/unihan-db/0.8.0-0.9.0/diff.md --exclude *.pyd
[2023-06-25 00:06:06] INFO root fetch - processPackages [moptipy]: executing diffoscope
[2023-06-25 00:06:06] INFO root fetch - processPackages [moptipy]: podman run --user 0:0 --rm -w /home/abi/fetcher -v /home/abi/fetcher/tmp:/home/abi/fetcher/tmp:ro -v /home/abi/fetcher/20230625:/home/abi/fetcher/20230625:rw registry.salsa.debian.org/reproducible-builds/diffoscope --no-progress tmp/moptipy-0.9.8.tar.gz tmp/moptipy-0.9.9.tar.gz --markdown 20230625/m/moptipy/0.9.8-0.9.9/diff.md --exclude *.pyd
[2023-06-25 00:06:07] INFO root fetch - processPackages [color-pprint]: Remove: archive file [/home/abi/fetcher/tmp/color-pprint-0.0.1.tar.gz]
[2023-06-25 00:06:07] INFO root fetch - processPackages [color-pprint]: Remove: archive file [/home/abi/fetcher/tmp/color-pprint-0.0.2.tar.gz]
[2023-06-25 00:06:07] INFO root fetch - main [MainThread]: End processing [color-pprint]: success
[2023-06-25 00:06:07] INFO root fetch - processPackages [unihan-db]: Remove: archive file [/home/abi/fetcher/tmp/unihan_db-0.8.0.tar.gz]
[2023-06-25 00:06:07] INFO root fetch - processPackages [unihan-db]: Remove: archive file [/home/abi/fetcher/tmp/unihan_db-0.9.0.tar.gz]
[2023-06-25 00:06:07] INFO root fetch - main [MainThread]: End processing [unihan-db]: success
[2023-06-25 00:06:09] INFO root fetch - processPackages [moptipy]: Remove: archive file [/home/abi/fetcher/tmp/moptipy-0.9.8.tar.gz]
[2023-06-25 00:06:09] INFO root fetch - processPackages [moptipy]: Remove: archive file [/home/abi/fetcher/tmp/moptipy-0.9.9.tar.gz]
[2023-06-25 00:06:09] INFO root fetch - main [MainThread]: End processing [moptipy]: success
[2023-06-25 00:06:09] INFO root fetch - main [MainThread]: Store serial: [18632309]
[2023-06-25 00:11:13] INFO root fetch - main [MainThread]: Get Changelog since Serial: [18632309]
[2023-06-25 00:11:18] INFO root fetch - main [MainThread]: Found 7 changed packages
[2023-06-25 00:11:18] INFO root fetch - processPackages [ThreadPoolExecutor-0_0]: Start processing: pydatawork
[2023-06-25 00:11:18] INFO root fetch - processPackages [ThreadPoolExecutor-0_1]: Start processing: oloren
[2023-06-25 00:11:18] INFO root fetch - processPackages [ThreadPoolExecutor-0_2]: Start processing: mlfactory
[2023-06-25 00:11:18] INFO root fetch - processPackages [ThreadPoolExecutor-0_3]: Start processing: oloren
[2023-06-25 00:11:18] INFO root fetch - processPackages [ThreadPoolExecutor-0_4]: Start processing: timeout-executor
[2023-06-25 00:11:18] INFO root fetch - processPackages [ThreadPoolExecutor-0_5]: Start processing: prodsys
[2023-06-25 00:11:18] INFO root fetch - processPackages [ThreadPoolExecutor-0_6]: Start processing: deeponto
[2023-06-25 00:11:18] INFO root fetch - processPackages [mlfactory]: New version: [0.1.0] Old Version: [0.0.9]
[2023-06-25 00:11:18] INFO root fetch - processPackages [pydatawork]: New version: [0.1.9] Old Version: [0.1.8]
[2023-06-25 00:11:18] INFO root fetch - processPackages [deeponto]: New version: [0.7.4] Old Version: [0.7.0]
[2023-06-25 00:11:18] INFO root fetch - processPackages [timeout-executor]: New version: [0.1.2] Old Version: [0.1.1]
[2023-06-25 00:11:18] INFO root fetch - processPackages [oloren]: New version: [0.0.9] Old Version: [0.0.8]
[2023-06-25 00:11:18] INFO root fetch - processPackages [oloren]: New version: [0.0.9] Old Version: [0.0.8]
[2023-06-25 00:11:18] INFO root fetch - processPackages [prodsys]: New version: [0.1.1] Old Version: [0.1.0]
[2023-06-25 00:11:18] INFO root fetch - processPackages [pydatawork]: Downloading https://files.pythonhosted.org/packages/37/d5/7d0e95d71f892e3cd3a0a19c1d5c5d6f74f7bedd67a1ac0959251948b131/pydatawork-0.1.8.tar.gz
[2023-06-25 00:11:18] INFO root fetch - processPackages [oloren]: Downloading https://files.pythonhosted.org/packages/a3/76/06db9dcd349a4094baa829da1112066fd4fe60d5748d1b0c8c0833367603/oloren-0.0.8.tar.gz
[2023-06-25 00:11:18] INFO root fetch - processPackages [timeout-executor]: Downloading https://files.pythonhosted.org/packages/9f/40/2e239345287af20d9d069dfc92bda1f14c68851be8deb7c263e62c5b4239/timeout_executor-0.1.1.tar.gz
[2023-06-25 00:11:18] INFO root fetch - processPackages [oloren]: Downloading https://files.pythonhosted.org/packages/a3/76/06db9dcd349a4094baa829da1112066fd4fe60d5748d1b0c8c0833367603/oloren-0.0.8.tar.gz
[2023-06-25 00:11:18] INFO root fetch - processPackages [mlfactory]: Downloading https://files.pythonhosted.org/packages/df/c7/c9afa39da74f7bbe41750b63a5927fc5a73d0951b13e13a868b9f53a7d51/mlfactory-0.0.9.tar.gz
[2023-06-25 00:11:18] INFO root fetch - processPackages [prodsys]: Downloading https://files.pythonhosted.org/packages/e3/61/b2579c2021b310610653c00be4961a5af4e942a31faf411dc893e60983bc/prodsys-0.1.0.tar.gz
[2023-06-25 00:11:18] INFO root fetch - processPackages [deeponto]: Downloading https://files.pythonhosted.org/packages/c8/a8/e70b06f01e491f3507446ca496caabaad6662d3c0a0f3b8accb723feed52/deeponto-0.7.0.tar.gz
[2023-06-25 00:11:18] INFO root fetch - processPackages [pydatawork]: Downloading https://files.pythonhosted.org/packages/41/d8/88c9d46452cf891ec24604428f13fb332cdac82c341a4833571661987abb/pydatawork-0.1.9.tar.gz
[2023-06-25 00:11:18] WARNING root fetch - processPackages [deeponto]: Skipping package: exceeds size limit 30358264>=10485760
[2023-06-25 00:11:18] INFO root fetch - main [MainThread]: End processing [deeponto] error
[2023-06-25 00:11:18] INFO root fetch - processPackages [timeout-executor]: Downloading https://files.pythonhosted.org/packages/41/1d/0cd6739ce5a8e08b6d808b4bb546a4fd94366052fef409b837a536ff18d2/timeout_executor-0.1.2.tar.gz
[2023-06-25 00:11:18] INFO root fetch - processPackages [oloren]: Downloading https://files.pythonhosted.org/packages/8f/84/66581190d09357a5dd522267963c2d727e20650e6690064dc2efadd1c020/oloren-0.0.9.tar.gz
[2023-06-25 00:11:18] INFO root fetch - processPackages [pydatawork]: executing diffoscope
[2023-06-25 00:11:18] INFO root fetch - processPackages [pydatawork]: podman run --user 0:0 --rm -w /home/abi/fetcher -v /home/abi/fetcher/tmp:/home/abi/fetcher/tmp:ro -v /home/abi/fetcher/20230625:/home/abi/fetcher/20230625:rw registry.salsa.debian.org/reproducible-builds/diffoscope --no-progress tmp/pydatawork-0.1.8.tar.gz tmp/pydatawork-0.1.9.tar.gz --markdown 20230625/p/pydatawork/0.1.8-0.1.9/diff.md --exclude *.pyd
[2023-06-25 00:11:18] INFO root fetch - processPackages [oloren]: Downloading https://files.pythonhosted.org/packages/8f/84/66581190d09357a5dd522267963c2d727e20650e6690064dc2efadd1c020/oloren-0.0.9.tar.gz
[2023-06-25 00:11:18] INFO root fetch - processPackages [mlfactory]: Downloading https://files.pythonhosted.org/packages/50/b7/34ce3314b9f96be1b015958b70dede698629f9ee65a660ca4418b131deda/mlfactory-0.1.0.tar.gz
[2023-06-25 00:11:18] INFO root fetch - processPackages [prodsys]: Downloading https://files.pythonhosted.org/packages/71/b4/565dae99aa84cc726fe6642f27b44b67f45209545f7a59dae338d437093f/prodsys-0.1.1.tar.gz
[2023-06-25 00:11:18] INFO root fetch - processPackages [timeout-executor]: executing diffoscope
[2023-06-25 00:11:18] INFO root fetch - processPackages [timeout-executor]: podman run --user 0:0 --rm -w /home/abi/fetcher -v /home/abi/fetcher/tmp:/home/abi/fetcher/tmp:ro -v /home/abi/fetcher/20230625:/home/abi/fetcher/20230625:rw registry.salsa.debian.org/reproducible-builds/diffoscope --no-progress tmp/timeout_executor-0.1.1.tar.gz tmp/timeout_executor-0.1.2.tar.gz --markdown 20230625/t/timeout-executor/0.1.1-0.1.2/diff.md --exclude *.pyd
[2023-06-25 00:11:18] INFO root fetch - processPackages [oloren]: executing diffoscope
[2023-06-25 00:11:18] INFO root fetch - processPackages [oloren]: podman run --user 0:0 --rm -w /home/abi/fetcher -v /home/abi/fetcher/tmp:/home/abi/fetcher/tmp:ro -v /home/abi/fetcher/20230625:/home/abi/fetcher/20230625:rw registry.salsa.debian.org/reproducible-builds/diffoscope --no-progress tmp/oloren-0.0.8.tar.gz tmp/oloren-0.0.9.tar.gz --markdown 20230625/o/oloren/0.0.8-0.0.9/diff.md --exclude *.pyd
[2023-06-25 00:11:19] INFO root fetch - processPackages [prodsys]: executing diffoscope
[2023-06-25 00:11:19] INFO root fetch - processPackages [prodsys]: podman run --user 0:0 --rm -w /home/abi/fetcher -v /home/abi/fetcher/tmp:/home/abi/fetcher/tmp:ro -v /home/abi/fetcher/20230625:/home/abi/fetcher/20230625:rw registry.salsa.debian.org/reproducible-builds/diffoscope --no-progress tmp/prodsys-0.1.0.tar.gz tmp/prodsys-0.1.1.tar.gz --markdown 20230625/p/prodsys/0.1.0-0.1.1/diff.md --exclude *.pyd
[2023-06-25 00:11:19] INFO root fetch - processPackages [mlfactory]: executing diffoscope
[2023-06-25 00:11:19] INFO root fetch - processPackages [mlfactory]: podman run --user 0:0 --rm -w /home/abi/fetcher -v /home/abi/fetcher/tmp:/home/abi/fetcher/tmp:ro -v /home/abi/fetcher/20230625:/home/abi/fetcher/20230625:rw registry.salsa.debian.org/reproducible-builds/diffoscope --no-progress tmp/mlfactory-0.0.9.tar.gz tmp/mlfactory-0.1.0.tar.gz --markdown 20230625/m/mlfactory/0.0.9-0.1.0/diff.md --exclude *.pyd
[2023-06-25 00:11:19] INFO root fetch - processPackages [oloren]: executing diffoscope
[2023-06-25 00:11:19] INFO root fetch - processPackages [oloren]: podman run --user 0:0 --rm -w /home/abi/fetcher -v /home/abi/fetcher/tmp:/home/abi/fetcher/tmp:ro -v /home/abi/fetcher/20230625:/home/abi/fetcher/20230625:rw registry.salsa.debian.org/reproducible-builds/diffoscope --no-progress tmp/oloren-0.0.8.tar.gz tmp/oloren-0.0.9.tar.gz --markdown 20230625/o/oloren/0.0.8-0.0.9/diff.md --exclude *.pyd
[2023-06-25 00:11:19] INFO root fetch - processPackages [pydatawork]: Remove: archive file [/home/abi/fetcher/tmp/pydatawork-0.1.8.tar.gz]
[2023-06-25 00:11:19] INFO root fetch - processPackages [pydatawork]: Remove: archive file [/home/abi/fetcher/tmp/pydatawork-0.1.9.tar.gz]
[2023-06-25 00:11:19] INFO root fetch - main [MainThread]: End processing [pydatawork]: success
[2023-06-25 00:11:20] INFO root fetch - processPackages [timeout-executor]: Remove: archive file [/home/abi/fetcher/tmp/timeout_executor-0.1.1.tar.gz]
[2023-06-25 00:11:20] INFO root fetch - processPackages [timeout-executor]: Remove: archive file [/home/abi/fetcher/tmp/timeout_executor-0.1.2.tar.gz]
[2023-06-25 00:11:20] INFO root fetch - main [MainThread]: End processing [timeout-executor]: success
[2023-06-25 00:11:20] INFO root fetch - processPackages [mlfactory]: Remove: archive file [/home/abi/fetcher/tmp/mlfactory-0.0.9.tar.gz]
[2023-06-25 00:11:20] INFO root fetch - processPackages [mlfactory]: Remove: archive file [/home/abi/fetcher/tmp/mlfactory-0.1.0.tar.gz]
[2023-06-25 00:11:20] INFO root fetch - main [MainThread]: End processing [mlfactory]: success
[2023-06-25 00:11:20] INFO root fetch - processPackages [prodsys]: Remove: archive file [/home/abi/fetcher/tmp/prodsys-0.1.0.tar.gz]
[2023-06-25 00:11:20] INFO root fetch - processPackages [prodsys]: Remove: archive file [/home/abi/fetcher/tmp/prodsys-0.1.1.tar.gz]
[2023-06-25 00:11:20] INFO root fetch - main [MainThread]: End processing [prodsys]: success
[2023-06-25 00:11:24] INFO root fetch - processPackages [oloren]: Remove: archive file [/home/abi/fetcher/tmp/oloren-0.0.8.tar.gz]
[2023-06-25 00:11:24] INFO root fetch - processPackages [oloren]: Remove: archive file [/home/abi/fetcher/tmp/oloren-0.0.9.tar.gz]
[2023-06-25 00:11:24] INFO root fetch - main [MainThread]: End processing [oloren]: success
[2023-06-25 00:11:25] INFO root fetch - main [MainThread]: End processing [oloren]: success
[2023-06-25 00:11:25] INFO root fetch - main [MainThread]: Store serial: [18632332]
[2023-06-25 00:16:29] INFO root fetch - main [MainThread]: Get Changelog since Serial: [18632332]
[2023-06-25 00:16:34] INFO root fetch - main [MainThread]: Found 3 changed packages
[2023-06-25 00:16:34] INFO root fetch - processPackages [ThreadPoolExecutor-0_0]: Start processing: cryptoowl
[2023-06-25 00:16:34] INFO root fetch - processPackages [ThreadPoolExecutor-0_1]: Start processing: quik-ai
[2023-06-25 00:16:34] INFO root fetch - processPackages [ThreadPoolExecutor-0_2]: Start processing: pointnet
[2023-06-25 00:16:34] INFO root fetch - processPackages [pointnet]: New version: [0.0.3] Old Version: [0.0.2]
[2023-06-25 00:16:34] INFO root fetch - processPackages [quik-ai]: New version: [1.2.0] Old Version: [1.1.0]
[2023-06-25 00:16:34] INFO root fetch - processPackages [cryptoowl]: New version: [0.0.5] Old Version: [0.0.4]
[2023-06-25 00:16:34] INFO root fetch - processPackages [pointnet]: Downloading https://files.pythonhosted.org/packages/5e/7f/173b918e0756f8ebfe8bfcc8b5d47fd3b0bc7de020ed4312d3a5dbc7af4e/pointnet-0.0.2.tar.gz
[2023-06-25 00:16:35] INFO root fetch - processPackages [cryptoowl]: Downloading https://files.pythonhosted.org/packages/15/b7/49b430a3e92567b1ae07f87985e92609c8515f76b305fef7d13ee8e4daf5/cryptoowl-0.0.4.tar.gz
[2023-06-25 00:16:35] INFO root fetch - processPackages [quik-ai]: Downloading https://files.pythonhosted.org/packages/db/ce/b6c39188c0ef35eb96fe79eda2f3732fa6c5a9d6c59319ae2af1f8aef21f/quik-ai-1.1.0.tar.gz
[2023-06-25 00:16:35] INFO root fetch - processPackages [pointnet]: Downloading https://files.pythonhosted.org/packages/fd/cf/33099bd59e6282e7c65e77acdd204b59ca5c20a8be67676cc4ee4165688d/pointnet-0.0.3.tar.gz
[2023-06-25 00:16:35] INFO root fetch - processPackages [cryptoowl]: Downloading https://files.pythonhosted.org/packages/4f/3c/065eed07dbc5b83e031f1da4d10a3130a1a09a6ee8c1da302cd90e509c14/cryptoowl-0.0.5.tar.gz
[2023-06-25 00:16:35] INFO root fetch - processPackages [quik-ai]: Downloading https://files.pythonhosted.org/packages/72/11/ceb3e90470f56dbb60acf233f42feafe19f8048e3ed361237c9736fd0b61/quik-ai-1.2.0.tar.gz
[2023-06-25 00:16:35] INFO root fetch - processPackages [pointnet]: executing diffoscope
[2023-06-25 00:16:35] INFO root fetch - processPackages [pointnet]: podman run --user 0:0 --rm -w /home/abi/fetcher -v /home/abi/fetcher/tmp:/home/abi/fetcher/tmp:ro -v /home/abi/fetcher/20230625:/home/abi/fetcher/20230625:rw registry.salsa.debian.org/reproducible-builds/diffoscope --no-progress tmp/pointnet-0.0.2.tar.gz tmp/pointnet-0.0.3.tar.gz --markdown 20230625/p/pointnet/0.0.2-0.0.3/diff.md --exclude *.pyd
[2023-06-25 00:16:35] INFO root fetch - processPackages [cryptoowl]: executing diffoscope
[2023-06-25 00:16:35] INFO root fetch - processPackages [cryptoowl]: podman run --user 0:0 --rm -w /home/abi/fetcher -v /home/abi/fetcher/tmp:/home/abi/fetcher/tmp:ro -v /home/abi/fetcher/20230625:/home/abi/fetcher/20230625:rw registry.salsa.debian.org/reproducible-builds/diffoscope --no-progress tmp/cryptoowl-0.0.4.tar.gz tmp/cryptoowl-0.0.5.tar.gz --markdown 20230625/c/cryptoowl/0.0.4-0.0.5/diff.md --exclude *.pyd
[2023-06-25 00:16:35] INFO root fetch - processPackages [quik-ai]: executing diffoscope
[2023-06-25 00:16:35] INFO root fetch - processPackages [quik-ai]: podman run --user 0:0 --rm -w /home/abi/fetcher -v /home/abi/fetcher/tmp:/home/abi/fetcher/tmp:ro -v /home/abi/fetcher/20230625:/home/abi/fetcher/20230625:rw registry.salsa.debian.org/reproducible-builds/diffoscope --no-progress tmp/quik-ai-1.1.0.tar.gz tmp/quik-ai-1.2.0.tar.gz --markdown 20230625/q/quik-ai/1.1.0-1.2.0/diff.md --exclude *.pyd
[2023-06-25 00:16:36] INFO root fetch - processPackages [pointnet]: Remove: archive file [/home/abi/fetcher/tmp/pointnet-0.0.2.tar.gz]
[2023-06-25 00:16:36] INFO root fetch - processPackages [pointnet]: Remove: archive file [/home/abi/fetcher/tmp/pointnet-0.0.3.tar.gz]
[2023-06-25 00:16:36] INFO root fetch - main [MainThread]: End processing [pointnet]: success
[2023-06-25 00:16:36] INFO root fetch - processPackages [cryptoowl]: Remove: archive file [/home/abi/fetcher/tmp/cryptoowl-0.0.4.tar.gz]
[2023-06-25 00:16:36] INFO root fetch - processPackages [cryptoowl]: Remove: archive file [/home/abi/fetcher/tmp/cryptoowl-0.0.5.tar.gz]
[2023-06-25 00:16:36] INFO root fetch - main [MainThread]: End processing [cryptoowl]: success
[2023-06-25 00:16:36] INFO root fetch - processPackages [quik-ai]: Remove: archive file [/home/abi/fetcher/tmp/quik-ai-1.1.0.tar.gz]
[2023-06-25 00:16:36] INFO root fetch - processPackages [quik-ai]: Remove: archive file [/home/abi/fetcher/tmp/quik-ai-1.2.0.tar.gz]
[2023-06-25 00:16:36] INFO root fetch - main [MainThread]: End processing [quik-ai]: success
[2023-06-25 00:16:36] INFO root fetch - main [MainThread]: Store serial: [18632341]
[2023-06-25 00:21:40] INFO root fetch - main [MainThread]: Get Changelog since Serial: [18632341]
[2023-06-25 00:21:45] INFO root fetch - main [MainThread]: Found 2 changed packages
[2023-06-25 00:21:45] INFO root fetch - processPackages [ThreadPoolExecutor-0_0]: Start processing: timeout-executor
[2023-06-25 00:21:45] INFO root fetch - processPackages [ThreadPoolExecutor-0_1]: Start processing: cerise
[2023-06-25 00:21:45] INFO root fetch - processPackages [timeout-executor]: New version: [0.1.3] Old Version: [0.1.2]
[2023-06-25 00:21:45] WARNING root fetch - processPackages [cerise]: Skipping, unable to determine old version
[2023-06-25 00:21:45] INFO root fetch - main [MainThread]: End processing [cerise] error
[2023-06-25 00:21:45] INFO root fetch - processPackages [timeout-executor]: Downloading https://files.pythonhosted.org/packages/41/1d/0cd6739ce5a8e08b6d808b4bb546a4fd94366052fef409b837a536ff18d2/timeout_executor-0.1.2.tar.gz
[2023-06-25 00:21:45] INFO root fetch - processPackages [timeout-executor]: Downloading https://files.pythonhosted.org/packages/26/31/966dfb2d1f5c8f2727b0c7484d61c789c24fd545b87a81f13ab5d111bebc/timeout_executor-0.1.3.tar.gz
[2023-06-25 00:21:45] INFO root fetch - processPackages [timeout-executor]: executing diffoscope
[2023-06-25 00:21:45] INFO root fetch - processPackages [timeout-executor]: podman run --user 0:0 --rm -w /home/abi/fetcher -v /home/abi/fetcher/tmp:/home/abi/fetcher/tmp:ro -v /home/abi/fetcher/20230625:/home/abi/fetcher/20230625:rw registry.salsa.debian.org/reproducible-builds/diffoscope --no-progress tmp/timeout_executor-0.1.2.tar.gz tmp/timeout_executor-0.1.3.tar.gz --markdown 20230625/t/timeout-executor/0.1.2-0.1.3/diff.md --exclude *.pyd
[2023-06-25 00:21:47] INFO root fetch - processPackages [timeout-executor]: Remove: archive file [/home/abi/fetcher/tmp/timeout_executor-0.1.2.tar.gz]
[2023-06-25 00:21:47] INFO root fetch - processPackages [timeout-executor]: Remove: archive file [/home/abi/fetcher/tmp/timeout_executor-0.1.3.tar.gz]
[2023-06-25 00:21:47] INFO root fetch - main [MainThread]: End processing [timeout-executor]: success
[2023-06-25 00:21:47] INFO root fetch - main [MainThread]: Store serial: [18632348]
[2023-06-25 00:26:51] INFO root fetch - main [MainThread]: Get Changelog since Serial: [18632348]
[2023-06-25 00:26:56] INFO root fetch - main [MainThread]: Found 5 changed packages
[2023-06-25 00:26:56] INFO root fetch - processPackages [ThreadPoolExecutor-0_0]: Start processing: oexp
[2023-06-25 00:26:56] INFO root fetch - processPackages [ThreadPoolExecutor-0_1]: Start processing: Jug
[2023-06-25 00:26:56] INFO root fetch - processPackages [ThreadPoolExecutor-0_2]: Start processing: openssm
[2023-06-25 00:26:56] INFO root fetch - processPackages [ThreadPoolExecutor-0_3]: Start processing: pydatawork
[2023-06-25 00:26:56] INFO root fetch - processPackages [ThreadPoolExecutor-0_4]: Start processing: lib-pybroker
[2023-06-25 00:26:56] INFO root fetch - processPackages [lib-pybroker]: New version: [1.1.9] Old Version: [1.1.8]
[2023-06-25 00:26:56] INFO root fetch - processPackages [Jug]: New version: [2.3.0] Old Version: [2.2.3]
[2023-06-25 00:26:56] INFO root fetch - processPackages [pydatawork]: New version: [0.1.9] Old Version: [0.1.8]
[2023-06-25 00:26:56] WARNING root fetch - processPackages [openssm]: Skipping, unable to determine old version
[2023-06-25 00:26:56] INFO root fetch - main [MainThread]: End processing [openssm] error
[2023-06-25 00:26:56] INFO root fetch - processPackages [oexp]: New version: [0.9.0] Old Version: [0.8.5]
[2023-06-25 00:26:56] INFO root fetch - processPackages [pydatawork]: Downloading https://files.pythonhosted.org/packages/37/d5/7d0e95d71f892e3cd3a0a19c1d5c5d6f74f7bedd67a1ac0959251948b131/pydatawork-0.1.8.tar.gz
[2023-06-25 00:26:56] INFO root fetch - processPackages [oexp]: Downloading https://files.pythonhosted.org/packages/85/4c/bde62c7c187f4ca63e5947fe17cae936a6b9dd01e8afe47026f824763809/oexp-0.8.5.tar.gz
[2023-06-25 00:26:56] INFO root fetch - processPackages [lib-pybroker]: Downloading https://files.pythonhosted.org/packages/34/3c/7a7a15f5a575198f5681a2eacd112a20ad5dca5783c6e8b758896a6818cf/lib-pybroker-1.1.8.tar.gz
[2023-06-25 00:26:56] INFO root fetch - processPackages [Jug]: Downloading https://files.pythonhosted.org/packages/af/63/445ce00e40447603ae11f6d60e647c2580f775e5481481c30db2d96bf5b4/Jug-2.2.3.tar.gz
[2023-06-25 00:26:56] INFO root fetch - processPackages [pydatawork]: Downloading https://files.pythonhosted.org/packages/41/d8/88c9d46452cf891ec24604428f13fb332cdac82c341a4833571661987abb/pydatawork-0.1.9.tar.gz
[2023-06-25 00:26:56] INFO root fetch - processPackages [oexp]: Downloading https://files.pythonhosted.org/packages/a8/31/f4f8c82d93f79a2969ce1e754a862acf207431d0f462f085d4b44a8d2ffb/oexp-0.9.0.tar.gz
[2023-06-25 00:26:56] INFO root fetch - processPackages [pydatawork]: executing diffoscope
[2023-06-25 00:26:56] INFO root fetch - processPackages [pydatawork]: podman run --user 0:0 --rm -w /home/abi/fetcher -v /home/abi/fetcher/tmp:/home/abi/fetcher/tmp:ro -v /home/abi/fetcher/20230625:/home/abi/fetcher/20230625:rw registry.salsa.debian.org/reproducible-builds/diffoscope --no-progress tmp/pydatawork-0.1.8.tar.gz tmp/pydatawork-0.1.9.tar.gz --markdown 20230625/p/pydatawork/0.1.8-0.1.9/diff.md --exclude *.pyd
[2023-06-25 00:26:56] INFO root fetch - processPackages [oexp]: executing diffoscope
[2023-06-25 00:26:56] INFO root fetch - processPackages [oexp]: podman run --user 0:0 --rm -w /home/abi/fetcher -v /home/abi/fetcher/tmp:/home/abi/fetcher/tmp:ro -v /home/abi/fetcher/20230625:/home/abi/fetcher/20230625:rw registry.salsa.debian.org/reproducible-builds/diffoscope --no-progress tmp/oexp-0.8.5.tar.gz tmp/oexp-0.9.0.tar.gz --markdown 20230625/o/oexp/0.8.5-0.9.0/diff.md --exclude *.pyd
[2023-06-25 00:26:56] INFO root fetch - processPackages [Jug]: Downloading https://files.pythonhosted.org/packages/f5/50/03c54987eaf32e4e2b7ef6845e5ecb3ea79da4e32976fbc31c35c2506b4f/Jug-2.3.0.tar.gz
[2023-06-25 00:26:56] INFO root fetch - processPackages [lib-pybroker]: Downloading https://files.pythonhosted.org/packages/92/47/5d3c2f878c1e65d38032b9450a585161c2761a80814b046f502951c65eed/lib-pybroker-1.1.9.tar.gz
[2023-06-25 00:26:56] INFO root fetch - processPackages [Jug]: executing diffoscope
[2023-06-25 00:26:56] INFO root fetch - processPackages [Jug]: podman run --user 0:0 --rm -w /home/abi/fetcher -v /home/abi/fetcher/tmp:/home/abi/fetcher/tmp:ro -v /home/abi/fetcher/20230625:/home/abi/fetcher/20230625:rw registry.salsa.debian.org/reproducible-builds/diffoscope --no-progress tmp/Jug-2.2.3.tar.gz tmp/Jug-2.3.0.tar.gz --markdown 20230625/J/Jug/2.2.3-2.3.0/diff.md --exclude *.pyd
[2023-06-25 00:26:56] INFO root fetch - processPackages [lib-pybroker]: executing diffoscope
[2023-06-25 00:26:56] INFO root fetch - processPackages [lib-pybroker]: podman run --user 0:0 --rm -w /home/abi/fetcher -v /home/abi/fetcher/tmp:/home/abi/fetcher/tmp:ro -v /home/abi/fetcher/20230625:/home/abi/fetcher/20230625:rw registry.salsa.debian.org/reproducible-builds/diffoscope --no-progress tmp/lib-pybroker-1.1.8.tar.gz tmp/lib-pybroker-1.1.9.tar.gz --markdown 20230625/l/lib-pybroker/1.1.8-1.1.9/diff.md --exclude *.pyd
[2023-06-25 00:26:57] INFO root fetch - processPackages [oexp]: Remove: archive file [/home/abi/fetcher/tmp/oexp-0.8.5.tar.gz]
[2023-06-25 00:26:57] INFO root fetch - processPackages [oexp]: Remove: archive file [/home/abi/fetcher/tmp/oexp-0.9.0.tar.gz]
[2023-06-25 00:26:57] INFO root fetch - main [MainThread]: End processing [oexp]: success
[2023-06-25 00:26:57] INFO root fetch - processPackages [pydatawork]: Remove: archive file [/home/abi/fetcher/tmp/pydatawork-0.1.8.tar.gz]
[2023-06-25 00:26:57] INFO root fetch - processPackages [pydatawork]: Remove: archive file [/home/abi/fetcher/tmp/pydatawork-0.1.9.tar.gz]
[2023-06-25 00:26:57] INFO root fetch - main [MainThread]: End processing [pydatawork]: success
[2023-06-25 00:26:58] INFO root fetch - processPackages [lib-pybroker]: Remove: archive file [/home/abi/fetcher/tmp/lib-pybroker-1.1.8.tar.gz]
[2023-06-25 00:26:58] INFO root fetch - processPackages [lib-pybroker]: Remove: archive file [/home/abi/fetcher/tmp/lib-pybroker-1.1.9.tar.gz]
[2023-06-25 00:26:58] INFO root fetch - main [MainThread]: End processing [lib-pybroker]: success
[2023-06-25 00:26:58] INFO root fetch - processPackages [Jug]: Remove: archive file [/home/abi/fetcher/tmp/Jug-2.2.3.tar.gz]
[2023-06-25 00:26:58] INFO root fetch - processPackages [Jug]: Remove: archive file [/home/abi/fetcher/tmp/Jug-2.3.0.tar.gz]
[2023-06-25 00:26:58] INFO root fetch - main [MainThread]: End processing [Jug]: success
[2023-06-25 00:26:58] INFO root fetch - main [MainThread]: Store serial: [18632364]
[2023-06-25 00:32:02] INFO root fetch - main [MainThread]: Get Changelog since Serial: [18632364]
[2023-06-25 00:32:07] INFO root fetch - main [MainThread]: Found 6 changed packages
[2023-06-25 00:32:07] INFO root fetch - processPackages [ThreadPoolExecutor-0_0]: Start processing: heaserver-activity
[2023-06-25 00:32:07] INFO root fetch - processPackages [ThreadPoolExecutor-0_1]: Start processing: timeout-executor
[2023-06-25 00:32:07] INFO root fetch - processPackages [ThreadPoolExecutor-0_2]: Start processing: oloren
[2023-06-25 00:32:07] INFO root fetch - processPackages [ThreadPoolExecutor-0_3]: Start processing: mapdata
[2023-06-25 00:32:07] INFO root fetch - processPackages [ThreadPoolExecutor-0_4]: Start processing: muxtools
[2023-06-25 00:32:07] INFO root fetch - processPackages [ThreadPoolExecutor-0_5]: Start processing: vsmuxtools
[2023-06-25 00:32:07] INFO root fetch - processPackages [mapdata]: New version: [2.6.3] Old Version: [2.6.2]
[2023-06-25 00:32:07] INFO root fetch - processPackages [vsmuxtools]: New version: [0.0.7] Old Version: [0.0.6]
[2023-06-25 00:32:07] INFO root fetch - processPackages [muxtools]: New version: [0.0.7] Old Version: [0.0.6]
[2023-06-25 00:32:07] INFO root fetch - processPackages [timeout-executor]: New version: [0.1.4] Old Version: [0.1.3]
[2023-06-25 00:32:07] INFO root fetch - processPackages [heaserver-activity]: New version: [1.0.0a9] Old Version: [1.0.0a8]
[2023-06-25 00:32:07] INFO root fetch - processPackages [oloren]: New version: [0.0.9] Old Version: [0.0.8]
[2023-06-25 00:32:07] INFO root fetch - processPackages [oloren]: Downloading https://files.pythonhosted.org/packages/a3/76/06db9dcd349a4094baa829da1112066fd4fe60d5748d1b0c8c0833367603/oloren-0.0.8.tar.gz
[2023-06-25 00:32:07] INFO root fetch - processPackages [timeout-executor]: Downloading https://files.pythonhosted.org/packages/26/31/966dfb2d1f5c8f2727b0c7484d61c789c24fd545b87a81f13ab5d111bebc/timeout_executor-0.1.3.tar.gz
[2023-06-25 00:32:07] INFO root fetch - processPackages [mapdata]: Downloading https://files.pythonhosted.org/packages/c9/73/dd249bdc35fae913f32b89f00347931526ed90c38ee9d51becdf60e9abe9/mapdata-2.6.2.tar.gz
[2023-06-25 00:32:07] INFO root fetch - processPackages [vsmuxtools]: Downloading https://files.pythonhosted.org/packages/71/b8/fa76678c4499c4bdaa91f568a84d5638f73a8fe19eb7cfe6566416cf8fe5/vsmuxtools-0.0.6.tar.gz
[2023-06-25 00:32:07] INFO root fetch - processPackages [muxtools]: Downloading https://files.pythonhosted.org/packages/1b/94/566ff2b2cdfdbd1f698de4010bda23797561f5ab602aa75a463554e1315c/muxtools-0.0.6.tar.gz
[2023-06-25 00:32:07] INFO root fetch - processPackages [heaserver-activity]: Downloading https://files.pythonhosted.org/packages/0d/e5/8db5ca2b11516b893253ec972df4119a1429a6b86f473f732a1eaf31b7f1/heaserver-activity-1.0.0a8.tar.gz
[2023-06-25 00:32:07] INFO root fetch - processPackages [timeout-executor]: Downloading https://files.pythonhosted.org/packages/dd/3d/e4109905f24545975fdae49f27dc5f0496e1b1ad2647ff1d4c5907da61b5/timeout_executor-0.1.4.tar.gz
[2023-06-25 00:32:07] INFO root fetch - processPackages [timeout-executor]: executing diffoscope
[2023-06-25 00:32:07] INFO root fetch - processPackages [timeout-executor]: podman run --user 0:0 --rm -w /home/abi/fetcher -v /home/abi/fetcher/tmp:/home/abi/fetcher/tmp:ro -v /home/abi/fetcher/20230625:/home/abi/fetcher/20230625:rw registry.salsa.debian.org/reproducible-builds/diffoscope --no-progress tmp/timeout_executor-0.1.3.tar.gz tmp/timeout_executor-0.1.4.tar.gz --markdown 20230625/t/timeout-executor/0.1.3-0.1.4/diff.md --exclude *.pyd
[2023-06-25 00:32:07] INFO root fetch - processPackages [mapdata]: Downloading https://files.pythonhosted.org/packages/50/9e/851f1884f6567fa5d8002d0563f51c94b247cd663cfabfb4ca1b822189fa/mapdata-2.6.3.tar.gz
[2023-06-25 00:32:07] INFO root fetch - processPackages [mapdata]: executing diffoscope
[2023-06-25 00:32:07] INFO root fetch - processPackages [mapdata]: podman run --user 0:0 --rm -w /home/abi/fetcher -v /home/abi/fetcher/tmp:/home/abi/fetcher/tmp:ro -v /home/abi/fetcher/20230625:/home/abi/fetcher/20230625:rw registry.salsa.debian.org/reproducible-builds/diffoscope --no-progress tmp/mapdata-2.6.2.tar.gz tmp/mapdata-2.6.3.tar.gz --markdown 20230625/m/mapdata/2.6.2-2.6.3/diff.md --exclude *.pyd
[2023-06-25 00:32:07] INFO root fetch - processPackages [heaserver-activity]: Downloading https://files.pythonhosted.org/packages/4c/3a/67c0a4c8f841993e61fe8e3a7a178d26fdf6092e5996647479b2a8459ae0/heaserver-activity-1.0.0a9.tar.gz
[2023-06-25 00:32:07] INFO root fetch - processPackages [vsmuxtools]: Downloading https://files.pythonhosted.org/packages/61/20/bfc76eada9f356ccfb6cc7dd61c2e85a3bbb4c922a6e0ba6429eea0a11e2/vsmuxtools-0.0.7.tar.gz
[2023-06-25 00:32:07] INFO root fetch - processPackages [muxtools]: Downloading https://files.pythonhosted.org/packages/33/5c/01b269c7a8f1ee9d71f480742eb1e31ba48d32e4a2ad234b7a5dc10f681c/muxtools-0.0.7.tar.gz
[2023-06-25 00:32:07] INFO root fetch - processPackages [heaserver-activity]: executing diffoscope
[2023-06-25 00:32:07] INFO root fetch - processPackages [heaserver-activity]: podman run --user 0:0 --rm -w /home/abi/fetcher -v /home/abi/fetcher/tmp:/home/abi/fetcher/tmp:ro -v /home/abi/fetcher/20230625:/home/abi/fetcher/20230625:rw registry.salsa.debian.org/reproducible-builds/diffoscope --no-progress tmp/heaserver-activity-1.0.0a8.tar.gz tmp/heaserver-activity-1.0.0a9.tar.gz --markdown 20230625/h/heaserver-activity/1.0.0a8-1.0.0a9/diff.md --exclude *.pyd
[2023-06-25 00:32:07] INFO root fetch - processPackages [vsmuxtools]: executing diffoscope
[2023-06-25 00:32:07] INFO root fetch - processPackages [vsmuxtools]: podman run --user 0:0 --rm -w /home/abi/fetcher -v /home/abi/fetcher/tmp:/home/abi/fetcher/tmp:ro -v /home/abi/fetcher/20230625:/home/abi/fetcher/20230625:rw registry.salsa.debian.org/reproducible-builds/diffoscope --no-progress tmp/vsmuxtools-0.0.6.tar.gz tmp/vsmuxtools-0.0.7.tar.gz --markdown 20230625/v/vsmuxtools/0.0.6-0.0.7/diff.md --exclude *.pyd
[2023-06-25 00:32:07] INFO root fetch - processPackages [muxtools]: executing diffoscope
[2023-06-25 00:32:07] INFO root fetch - processPackages [muxtools]: podman run --user 0:0 --rm -w /home/abi/fetcher -v /home/abi/fetcher/tmp:/home/abi/fetcher/tmp:ro -v /home/abi/fetcher/20230625:/home/abi/fetcher/20230625:rw registry.salsa.debian.org/reproducible-builds/diffoscope --no-progress tmp/muxtools-0.0.6.tar.gz tmp/muxtools-0.0.7.tar.gz --markdown 20230625/m/muxtools/0.0.6-0.0.7/diff.md --exclude *.pyd
[2023-06-25 00:32:08] INFO root fetch - processPackages [oloren]: Downloading https://files.pythonhosted.org/packages/8f/84/66581190d09357a5dd522267963c2d727e20650e6690064dc2efadd1c020/oloren-0.0.9.tar.gz
[2023-06-25 00:32:08] INFO root fetch - processPackages [timeout-executor]: Remove: archive file [/home/abi/fetcher/tmp/timeout_executor-0.1.3.tar.gz]
[2023-06-25 00:32:08] INFO root fetch - processPackages [timeout-executor]: Remove: archive file [/home/abi/fetcher/tmp/timeout_executor-0.1.4.tar.gz]
[2023-06-25 00:32:08] INFO root fetch - main [MainThread]: End processing [timeout-executor]: success
[2023-06-25 00:32:09] INFO root fetch - processPackages [heaserver-activity]: Remove: archive file [/home/abi/fetcher/tmp/heaserver-activity-1.0.0a8.tar.gz]
[2023-06-25 00:32:09] INFO root fetch - processPackages [heaserver-activity]: Remove: archive file [/home/abi/fetcher/tmp/heaserver-activity-1.0.0a9.tar.gz]
[2023-06-25 00:32:09] INFO root fetch - main [MainThread]: End processing [heaserver-activity]: success
[2023-06-25 00:32:09] INFO root fetch - processPackages [mapdata]: Remove: archive file [/home/abi/fetcher/tmp/mapdata-2.6.2.tar.gz]
[2023-06-25 00:32:09] INFO root fetch - processPackages [mapdata]: Remove: archive file [/home/abi/fetcher/tmp/mapdata-2.6.3.tar.gz]
[2023-06-25 00:32:09] INFO root fetch - main [MainThread]: End processing [mapdata]: success
[2023-06-25 00:32:09] INFO root fetch - processPackages [vsmuxtools]: Remove: archive file [/home/abi/fetcher/tmp/vsmuxtools-0.0.6.tar.gz]
[2023-06-25 00:32:09] INFO root fetch - processPackages [vsmuxtools]: Remove: archive file [/home/abi/fetcher/tmp/vsmuxtools-0.0.7.tar.gz]
[2023-06-25 00:32:09] INFO root fetch - main [MainThread]: End processing [vsmuxtools]: success
[2023-06-25 00:32:09] INFO root fetch - processPackages [oloren]: executing diffoscope
[2023-06-25 00:32:09] INFO root fetch - processPackages [oloren]: podman run --user 0:0 --rm -w /home/abi/fetcher -v /home/abi/fetcher/tmp:/home/abi/fetcher/tmp:ro -v /home/abi/fetcher/20230625:/home/abi/fetcher/20230625:rw registry.salsa.debian.org/reproducible-builds/diffoscope --no-progress tmp/oloren-0.0.8.tar.gz tmp/oloren-0.0.9.tar.gz --markdown 20230625/o/oloren/0.0.8-0.0.9/diff.md --exclude *.pyd
[2023-06-25 00:32:09] INFO root fetch - processPackages [muxtools]: Remove: archive file [/home/abi/fetcher/tmp/muxtools-0.0.6.tar.gz]
[2023-06-25 00:32:09] INFO root fetch - processPackages [muxtools]: Remove: archive file [/home/abi/fetcher/tmp/muxtools-0.0.7.tar.gz]
[2023-06-25 00:32:09] INFO root fetch - main [MainThread]: End processing [muxtools]: success
[2023-06-25 00:32:14] INFO root fetch - processPackages [oloren]: Remove: archive file [/home/abi/fetcher/tmp/oloren-0.0.8.tar.gz]
[2023-06-25 00:32:14] INFO root fetch - processPackages [oloren]: Remove: archive file [/home/abi/fetcher/tmp/oloren-0.0.9.tar.gz]
[2023-06-25 00:32:14] INFO root fetch - main [MainThread]: End processing [oloren]: success
[2023-06-25 00:32:14] INFO root fetch - main [MainThread]: Store serial: [18632382]
[2023-06-25 00:37:18] INFO root fetch - main [MainThread]: Get Changelog since Serial: [18632382]
[2023-06-25 00:37:23] INFO root fetch - main [MainThread]: Found 5 changed packages
[2023-06-25 00:37:23] INFO root fetch - processPackages [ThreadPoolExecutor-0_0]: Start processing: UpyTest
[2023-06-25 00:37:23] INFO root fetch - processPackages [ThreadPoolExecutor-0_1]: Start processing: pyspark-ai
[2023-06-25 00:37:23] INFO root fetch - processPackages [ThreadPoolExecutor-0_2]: Start processing: jplaw
[2023-06-25 00:37:23] INFO root fetch - processPackages [ThreadPoolExecutor-0_3]: Start processing: PHX
[2023-06-25 00:37:23] INFO root fetch - processPackages [ThreadPoolExecutor-0_4]: Start processing: scProject
[2023-06-25 00:37:23] INFO root fetch - processPackages [UpyTest]: New version: [3.0.7] Old Version: [3.0.6]
[2023-06-25 00:37:23] INFO root fetch - processPackages [pyspark-ai]: New version: [0.1.2] Old Version: [0.1.1]
[2023-06-25 00:37:23] INFO root fetch - processPackages [jplaw]: New version: [0.1.2] Old Version: [0.1.1]
[2023-06-25 00:37:23] INFO root fetch - processPackages [PHX]: New version: [1.9.0] Old Version: [1.8.1]
[2023-06-25 00:37:23] INFO root fetch - processPackages [scProject]: New version: [1.1.2] Old Version: [1.0.9.8997]
[2023-06-25 00:37:23] INFO root fetch - processPackages [pyspark-ai]: Downloading https://files.pythonhosted.org/packages/de/ca/ce9fa96ef13d27cd5a42cf4be9bc4265b97a0fd6d9af5c6690de1b2a5e01/pyspark_ai-0.1.1.tar.gz
[2023-06-25 00:37:23] INFO root fetch - processPackages [jplaw]: Downloading https://files.pythonhosted.org/packages/09/cb/ff33ffccb475968c712c6af5e85fa90b6571e0a36f23bc3c344ba99793a8/jplaw-0.1.1.tar.gz
[2023-06-25 00:37:23] INFO root fetch - processPackages [scProject]: Downloading https://files.pythonhosted.org/packages/b4/29/0ebc6dc86d2206887e691c29e6434d03a7029ea9cfa786c8f1a1fb5f320d/scProject-1.0.9.8997.tar.gz
[2023-06-25 00:37:24] INFO root fetch - processPackages [UpyTest]: Downloading https://files.pythonhosted.org/packages/67/89/75b5dd7e46c4ab44eae6fa3109a9f1f0b6901b76809b7e10f407ade7ea54/UpyTest-3.0.6.tar.gz
[2023-06-25 00:37:24] INFO root fetch - processPackages [PHX]: Downloading https://files.pythonhosted.org/packages/ad/48/a9b966f484d5fbfbde35e2c15c1211cc18359a09978bfbaafcd30f095d50/PHX-1.8.1.tar.gz
[2023-06-25 00:37:24] INFO root fetch - processPackages [scProject]: Downloading https://files.pythonhosted.org/packages/cf/12/2e4f780b0d1a61896447773ff4b40207517275f7a8f8e3a5637cc65bd8e4/scProject-1.1.2.tar.gz
[2023-06-25 00:37:24] INFO root fetch - processPackages [jplaw]: Downloading https://files.pythonhosted.org/packages/ad/3f/8d98896a30c53bca2ed6c0d12005b62db1e1c86774e2fcfaad84d6fee330/jplaw-0.1.2.tar.gz
[2023-06-25 00:37:24] INFO root fetch - processPackages [pyspark-ai]: Downloading https://files.pythonhosted.org/packages/bd/72/73a2d893863031707c4a19aba89a5c96aee43ed6326ecbb414c2c0e69c29/pyspark_ai-0.1.2.tar.gz
[2023-06-25 00:37:24] INFO root fetch - processPackages [scProject]: executing diffoscope
[2023-06-25 00:37:24] INFO root fetch - processPackages [scProject]: podman run --user 0:0 --rm -w /home/abi/fetcher -v /home/abi/fetcher/tmp:/home/abi/fetcher/tmp:ro -v /home/abi/fetcher/20230625:/home/abi/fetcher/20230625:rw registry.salsa.debian.org/reproducible-builds/diffoscope --no-progress tmp/scProject-1.0.9.8997.tar.gz tmp/scProject-1.1.2.tar.gz --markdown 20230625/s/scProject/1.0.9.8997-1.1.2/diff.md --exclude *.pyd
[2023-06-25 00:37:24] INFO root fetch - processPackages [UpyTest]: Downloading https://files.pythonhosted.org/packages/a2/3f/ae27b69eac200fc1a6162384d33c0a708943bfed1b62e1761fcedcb08a42/UpyTest-3.0.7.tar.gz
[2023-06-25 00:37:24] INFO root fetch - processPackages [jplaw]: executing diffoscope
[2023-06-25 00:37:24] INFO root fetch - processPackages [jplaw]: podman run --user 0:0 --rm -w /home/abi/fetcher -v /home/abi/fetcher/tmp:/home/abi/fetcher/tmp:ro -v /home/abi/fetcher/20230625:/home/abi/fetcher/20230625:rw registry.salsa.debian.org/reproducible-builds/diffoscope --no-progress tmp/jplaw-0.1.1.tar.gz tmp/jplaw-0.1.2.tar.gz --markdown 20230625/j/jplaw/0.1.1-0.1.2/diff.md --exclude *.pyd
[2023-06-25 00:37:24] INFO root fetch - processPackages [pyspark-ai]: executing diffoscope
[2023-06-25 00:37:24] INFO root fetch - processPackages [pyspark-ai]: podman run --user 0:0 --rm -w /home/abi/fetcher -v /home/abi/fetcher/tmp:/home/abi/fetcher/tmp:ro -v /home/abi/fetcher/20230625:/home/abi/fetcher/20230625:rw registry.salsa.debian.org/reproducible-builds/diffoscope --no-progress tmp/pyspark_ai-0.1.1.tar.gz tmp/pyspark_ai-0.1.2.tar.gz --markdown 20230625/p/pyspark-ai/0.1.1-0.1.2/diff.md --exclude *.pyd
[2023-06-25 00:37:24] INFO root fetch - processPackages [PHX]: Downloading https://files.pythonhosted.org/packages/d5/cf/427f0ced8ef3cc98e22c877b4eb980575483e2cf3ac2387f5e901120b744/PHX-1.9.0.tar.gz
[2023-06-25 00:37:24] INFO root fetch - processPackages [UpyTest]: executing diffoscope
[2023-06-25 00:37:24] INFO root fetch - processPackages [UpyTest]: podman run --user 0:0 --rm -w /home/abi/fetcher -v /home/abi/fetcher/tmp:/home/abi/fetcher/tmp:ro -v /home/abi/fetcher/20230625:/home/abi/fetcher/20230625:rw registry.salsa.debian.org/reproducible-builds/diffoscope --no-progress tmp/UpyTest-3.0.6.tar.gz tmp/UpyTest-3.0.7.tar.gz --markdown 20230625/U/UpyTest/3.0.6-3.0.7/diff.md --exclude *.pyd
[2023-06-25 00:37:25] INFO root fetch - processPackages [PHX]: executing diffoscope
[2023-06-25 00:37:25] INFO root fetch - processPackages [PHX]: podman run --user 0:0 --rm -w /home/abi/fetcher -v /home/abi/fetcher/tmp:/home/abi/fetcher/tmp:ro -v /home/abi/fetcher/20230625:/home/abi/fetcher/20230625:rw registry.salsa.debian.org/reproducible-builds/diffoscope --no-progress tmp/PHX-1.8.1.tar.gz tmp/PHX-1.9.0.tar.gz --markdown 20230625/P/PHX/1.8.1-1.9.0/diff.md --exclude *.pyd
[2023-06-25 00:37:25] INFO root fetch - processPackages [scProject]: Remove: archive file [/home/abi/fetcher/tmp/scProject-1.0.9.8997.tar.gz]
[2023-06-25 00:37:25] INFO root fetch - processPackages [scProject]: Remove: archive file [/home/abi/fetcher/tmp/scProject-1.1.2.tar.gz]
[2023-06-25 00:37:25] INFO root fetch - main [MainThread]: End processing [scProject]: success
[2023-06-25 00:37:25] INFO root fetch - processPackages [jplaw]: Remove: archive file [/home/abi/fetcher/tmp/jplaw-0.1.1.tar.gz]
[2023-06-25 00:37:25] INFO root fetch - processPackages [jplaw]: Remove: archive file [/home/abi/fetcher/tmp/jplaw-0.1.2.tar.gz]
[2023-06-25 00:37:25] INFO root fetch - main [MainThread]: End processing [jplaw]: success
[2023-06-25 00:37:25] INFO root fetch - processPackages [pyspark-ai]: Remove: archive file [/home/abi/fetcher/tmp/pyspark_ai-0.1.1.tar.gz]
[2023-06-25 00:37:25] INFO root fetch - processPackages [pyspark-ai]: Remove: archive file [/home/abi/fetcher/tmp/pyspark_ai-0.1.2.tar.gz]
[2023-06-25 00:37:25] INFO root fetch - main [MainThread]: End processing [pyspark-ai]: success
[2023-06-25 00:37:26] INFO root fetch - processPackages [UpyTest]: Remove: archive file [/home/abi/fetcher/tmp/UpyTest-3.0.6.tar.gz]
[2023-06-25 00:37:26] INFO root fetch - processPackages [UpyTest]: Remove: archive file [/home/abi/fetcher/tmp/UpyTest-3.0.7.tar.gz]
[2023-06-25 00:37:26] INFO root fetch - main [MainThread]: End processing [UpyTest]: success
[2023-06-25 00:37:28] INFO root fetch - processPackages [PHX]: Remove: archive file [/home/abi/fetcher/tmp/PHX-1.8.1.tar.gz]
[2023-06-25 00:37:28] INFO root fetch - processPackages [PHX]: Remove: archive file [/home/abi/fetcher/tmp/PHX-1.9.0.tar.gz]
[2023-06-25 00:37:28] INFO root fetch - main [MainThread]: End processing [PHX]: success
[2023-06-25 00:37:28] INFO root fetch - main [MainThread]: Store serial: [18632396]
